# JRE version: OpenJDK Runtime Environment Temurin-17.0.3+7 (17.0.3+7) (build 17.0.3+7)
# Java VM: OpenJDK 64-Bit Server VM Temurin-17.0.3+7 (17.0.3+7, mixed mode, tiered, compressed oops, compressed class ptrs, g1 gc, windows-amd64)
GC Precious Log:
 CPUs: 8 total, 8 available
 Memory: 7883M
 Large Page Support: Disabled
 NUMA Support: Disabled
 Compressed Oops: Enabled (32-bit)
 Heap Region Size: 1M
 Heap Min Capacity: 8M
 Heap Initial Capacity: 124M
 Heap Max Capacity: 1972M
 Pre-touch: Disabled
 Parallel Workers: 8
 Concurrent Workers: 2
 Concurrent Refinement Workers: 8
 Periodic GC: Disabled
Heap:
 garbage-first heap   total 83968K, used 65143K [0x0000000084c00000, 0x0000000100000000)
  region size 1024K, 29 young (29696K), 1 survivors (1024K)
 Metaspace       used 73914K, committed 74432K, reserved 1122304K
  class space    used 9114K, committed 9344K, reserved 1048576K
GC Heap History (20 events):
Event: 9.280 GC heap before
{Heap before GC invocations=18 (full 0):
 garbage-first heap   total 73728K, used 57410K [0x0000000084c00000, 0x0000000100000000)
  region size 1024K, 30 young (30720K), 4 survivors (4096K)
 Metaspace       used 62356K, committed 62784K, reserved 1105920K
  class space    used 7929K, committed 8128K, reserved 1048576K
}
Event: 9.286 GC heap after
{Heap after GC invocations=19 (full 0):
 garbage-first heap   total 73728K, used 33629K [0x0000000084c00000, 0x0000000100000000)
  region size 1024K, 4 young (4096K), 4 survivors (4096K)
 Metaspace       used 62356K, committed 62784K, reserved 1105920K
  class space    used 7929K, committed 8128K, reserved 1048576K
}
Event: 9.734 GC heap before
{Heap before GC invocations=19 (full 0):
 garbage-first heap   total 73728K, used 58205K [0x0000000084c00000, 0x0000000100000000)
  region size 1024K, 28 young (28672K), 4 survivors (4096K)
 Metaspace       used 63817K, committed 64256K, reserved 1105920K
  class space    used 8125K, committed 8320K, reserved 1048576K
}
Event: 9.740 GC heap after
{Heap after GC invocations=20 (full 0):
 garbage-first heap   total 73728K, used 37744K [0x0000000084c00000, 0x0000000100000000)
  region size 1024K, 4 young (4096K), 4 survivors (4096K)
 Metaspace       used 63817K, committed 64256K, reserved 1105920K
  class space    used 8125K, committed 8320K, reserved 1048576K
}
Event: 10.068 GC heap before
{Heap before GC invocations=20 (full 0):
 garbage-first heap   total 73728K, used 57200K [0x0000000084c00000, 0x0000000100000000)
  region size 1024K, 24 young (24576K), 4 survivors (4096K)
 Metaspace       used 66509K, committed 66944K, reserved 1114112K
  class space    used 8484K, committed 8704K, reserved 1048576K
}
Event: 10.073 GC heap after
{Heap after GC invocations=21 (full 0):
 garbage-first heap   total 73728K, used 39002K [0x0000000084c00000, 0x0000000100000000)
  region size 1024K, 2 young (2048K), 2 survivors (2048K)
 Metaspace       used 66509K, committed 66944K, reserved 1114112K
  class space    used 8484K, committed 8704K, reserved 1048576K
}
Event: 10.170 GC heap before
{Heap before GC invocations=22 (full 0):
 garbage-first heap   total 81920K, used 58458K [0x0000000084c00000, 0x0000000100000000)
  region size 1024K, 21 young (21504K), 2 survivors (2048K)
 Metaspace       used 66593K, committed 67008K, reserved 1114112K
  class space    used 8492K, committed 8704K, reserved 1048576K
}
Event: 10.172 GC heap after
{Heap after GC invocations=23 (full 0):
 garbage-first heap   total 81920K, used 38798K [0x0000000084c00000, 0x0000000100000000)
  region size 1024K, 2 young (2048K), 2 survivors (2048K)
 Metaspace       used 66593K, committed 67008K, reserved 1114112K
  class space    used 8492K, committed 8704K, reserved 1048576K
}
Event: 10.330 GC heap before
{Heap before GC invocations=23 (full 0):
 garbage-first heap   total 81920K, used 66446K [0x0000000084c00000, 0x0000000100000000)
  region size 1024K, 29 young (29696K), 2 survivors (2048K)
 Metaspace       used 67033K, committed 67456K, reserved 1114112K
  class space    used 8536K, committed 8768K, reserved 1048576K
}
Event: 10.333 GC heap after
{Heap after GC invocations=24 (full 0):
 garbage-first heap   total 81920K, used 39200K [0x0000000084c00000, 0x0000000100000000)
  region size 1024K, 2 young (2048K), 2 survivors (2048K)
 Metaspace       used 67033K, committed 67456K, reserved 1114112K
  class space    used 8536K, committed 8768K, reserved 1048576K
}
Event: 13.373 GC heap before
{Heap before GC invocations=25 (full 0):
 garbage-first heap   total 83968K, used 65824K [0x0000000084c00000, 0x0000000100000000)
  region size 1024K, 29 young (29696K), 2 survivors (2048K)
 Metaspace       used 71175K, committed 71680K, reserved 1114112K
  class space    used 9051K, committed 9280K, reserved 1048576K
}
Event: 13.378 GC heap after
{Heap after GC invocations=26 (full 0):
 garbage-first heap   total 83968K, used 41032K [0x0000000084c00000, 0x0000000100000000)
  region size 1024K, 4 young (4096K), 4 survivors (4096K)
 Metaspace       used 71175K, committed 71680K, reserved 1114112K
  class space    used 9051K, committed 9280K, reserved 1048576K
}
Event: 100.900 GC heap before
{Heap before GC invocations=26 (full 0):
 garbage-first heap   total 83968K, used 67656K [0x0000000084c00000, 0x0000000100000000)
  region size 1024K, 30 young (30720K), 4 survivors (4096K)
 Metaspace       used 72392K, committed 72896K, reserved 1114112K
  class space    used 9105K, committed 9344K, reserved 1048576K
}
Event: 100.968 GC heap after
{Heap after GC invocations=27 (full 0):
 garbage-first heap   total 83968K, used 41677K [0x0000000084c00000, 0x0000000100000000)
  region size 1024K, 3 young (3072K), 3 survivors (3072K)
 Metaspace       used 72392K, committed 72896K, reserved 1114112K
  class space    used 9105K, committed 9344K, reserved 1048576K
}
Event: 190.954 GC heap before
{Heap before GC invocations=28 (full 0):
 garbage-first heap   total 83968K, used 68301K [0x0000000084c00000, 0x0000000100000000)
  region size 1024K, 29 young (29696K), 3 survivors (3072K)
 Metaspace       used 73033K, committed 73472K, reserved 1114112K
  class space    used 9108K, committed 9344K, reserved 1048576K
}
Event: 191.010 GC heap after
{Heap after GC invocations=29 (full 0):
 garbage-first heap   total 83968K, used 41780K [0x0000000084c00000, 0x0000000100000000)
  region size 1024K, 1 young (1024K), 1 survivors (1024K)
 Metaspace       used 73033K, committed 73472K, reserved 1114112K
  class space    used 9108K, committed 9344K, reserved 1048576K
}
Event: 197.735 GC heap before
{Heap before GC invocations=29 (full 0):
 garbage-first heap   total 83968K, used 44852K [0x0000000084c00000, 0x0000000100000000)
  region size 1024K, 4 young (4096K), 1 survivors (1024K)
 Metaspace       used 73133K, committed 73600K, reserved 1114112K
  class space    used 9112K, committed 9344K, reserved 1048576K
}
Event: 197.801 GC heap after
{Heap after GC invocations=30 (full 0):
 garbage-first heap   total 83968K, used 37437K [0x0000000084c00000, 0x0000000100000000)
  region size 1024K, 1 young (1024K), 1 survivors (1024K)
 Metaspace       used 73133K, committed 73600K, reserved 1114112K
  class space    used 9112K, committed 9344K, reserved 1048576K
}
Event: 310.616 GC heap before
{Heap before GC invocations=30 (full 0):
 garbage-first heap   total 83968K, used 69181K [0x0000000084c00000, 0x0000000100000000)
  region size 1024K, 32 young (32768K), 1 survivors (1024K)
 Metaspace       used 73678K, committed 74176K, reserved 1122304K
  class space    used 9115K, committed 9344K, reserved 1048576K
}
Event: 310.692 GC heap after
{Heap after GC invocations=31 (full 0):
 garbage-first heap   total 83968K, used 37495K [0x0000000084c00000, 0x0000000100000000)
  region size 1024K, 1 young (1024K), 1 survivors (1024K)
 Metaspace       used 73678K, committed 74176K, reserved 1122304K
  class space    used 9115K, committed 9344K, reserved 1048576K
}

